STEP to UG
! INFO-     NX STEP AP214 - V12.0
! INFO-      
! INFO-     Start of Translation: 3-APR-2023  7:00:31 PM
! INFO-      
! STATUS-   Converting Part: D:\Private\RGB_Plate\Seeed Studio XIAO-ESP32-C3.step
! SUMMARY-   
! SUMMARY-    STEP Header Information
! SUMMARY-   
! SUMMARY-  Description      Unknown
! SUMMARY-  Imp_Level        2;1
! SUMMARY-  File_Name        Seeed Studio XIAO-ESP32-C3 v15.step
! SUMMARY-  Date             2023-02-20T09:58:30+01:00
! SUMMARY-  Author           Unknown
! SUMMARY-  Organization     Unknown
! SUMMARY-  Pre_Version      ST-DEVELOPER v19.2
! SUMMARY-  Orig_System      Autodesk Translation Framework v11.17.0.187
! SUMMARY-  Authorization    Unknown
! SUMMARY-  Schema_ID        automotive_design
! SUMMARY-   
! SUMMARY-    Summary of STEP Entities
! SUMMARY-   
! SUMMARY-  Entity Type                                                   Count
! SUMMARY-  -----------                                                   ------
! SUMMARY-  advanced_face ..............................................:    853
! SUMMARY-  application_context ........................................:      1
! SUMMARY-  axis2_placement_3d .........................................:   1355
! SUMMARY-  b_spline_curve_with_knots ..................................:      4
! SUMMARY-  b_spline_surface_with_knots ................................:      2
! SUMMARY-  cartesian_point ............................................:   4847
! SUMMARY-  circle .....................................................:    442
! SUMMARY-  closed_shell ...............................................:     30
! SUMMARY-  conical_surface ............................................:      9
! SUMMARY-  context_dependent_shape_representation .....................:     30
! SUMMARY-  cylindrical_surface ........................................:    205
! SUMMARY-  direction ..................................................:   4465
! SUMMARY-  edge_curve .................................................:   2203
! SUMMARY-  edge_loop ..................................................:    942
! SUMMARY-  ellipse ....................................................:      2
! SUMMARY-  face_bound .................................................:     89
! SUMMARY-  face_outer_bound ...........................................:    853
! SUMMARY-  geometric_representation_context_and_global_uncertainty_a ..:     31
! SUMMARY-  item_defined_transformation ................................:     30
! SUMMARY-  length_unit_and_si_unit ....................................:      1
! SUMMARY-  line .......................................................:   1755
! SUMMARY-  manifold_solid_brep ........................................:     30
! SUMMARY-  next_assembly_usage_occurrence .............................:     30
! SUMMARY-  oriented_edge ..............................................:   4406
! SUMMARY-  plane ......................................................:    617
! SUMMARY-  plane_angle_unit_and_si_unit ...............................:      1
! SUMMARY-  product ....................................................:     30
! SUMMARY-  product_context ............................................:      1
! SUMMARY-  product_definition .........................................:     30
! SUMMARY-  product_definition_context .................................:      1
! SUMMARY-  product_definition_formation ...............................:     30
! SUMMARY-  product_definition_shape ...................................:     60
! SUMMARY-  product_related_product_category ...........................:     30
! SUMMARY-  representation_relationship_with_transformation_and_shape ..:     30
! SUMMARY-  shape_representation .......................................:     30
! SUMMARY-  si_unit_and_solid_angle_unit ...............................:      1
! SUMMARY-  spherical_surface ..........................................:      7
! SUMMARY-  toroidal_surface ...........................................:     13
! SUMMARY-  uncertainty_measure_with_unit ..............................:     31
! SUMMARY-  vector .....................................................:   1755
! SUMMARY-  vertex_point ...............................................:   1429
! SUMMARY-                                                               -------
! SUMMARY-  Total                                                          26711
! STATUS-    
! STATUS-   Converting to Output Form (Phase 2 of 3): 3-APR-2023 7:00:32 PM
! STATUS-    
! STATUS-    
! STATUS-   Generating UG geometry and placing them in parts
! STATUS-    
! STATUS-   Creating the UG part (Phase 3 of 3): 3-APR-2023  7:00:32 PM
! STATUS-    
! STATUS-   Creating UG solid body from Input Ent Id 988
! STATUS-    
! STATUS-   simplifying Bsplines to analytics
! STATUS-    
! STATUS-   converting tolerant edges into exact edges
! STATUS-    
! STATUS-   doing final check of body to report any faults
! STATUS-    
! INFO-     Filing Part ..: D:\Private\RGB_Plate\Button (1)
! SUMMARY-   
! SUMMARY-  Summary of Unigraphics Part Entities
! SUMMARY-   
! SUMMARY-  Entities Processed             Count
! SUMMARY-  ------------------             -----
! SUMMARY-  Solid .......................:     1
! SUMMARY-                                 -----
! SUMMARY-  Total                              1
! STATUS-   Creating the UG part (Phase 3 of 3): 3-APR-2023  7:00:33 PM
! STATUS-    
! STATUS-   Creating UG solid body from Input Ent Id 987
! STATUS-    
! STATUS-   simplifying Bsplines to analytics
! STATUS-    
! STATUS-   converting tolerant edges into exact edges
! STATUS-    
! STATUS-   doing final check of body to report any faults
! STATUS-    
! INFO-     Filing Part ..: D:\Private\RGB_Plate\Shield
! SUMMARY-   
! SUMMARY-  Summary of Unigraphics Part Entities
! SUMMARY-   
! SUMMARY-  Entities Processed             Count
! SUMMARY-  ------------------             -----
! SUMMARY-  Solid .......................:     1
! SUMMARY-                                 -----
! SUMMARY-  Total                              1
! STATUS-   Creating the UG part (Phase 3 of 3): 3-APR-2023  7:00:33 PM
! STATUS-    
! STATUS-   Creating UG solid body from Input Ent Id 984
! STATUS-    
! STATUS-   simplifying Bsplines to analytics
! STATUS-    
! STATUS-   converting tolerant edges into exact edges
! STATUS-    
! STATUS-   doing final check of body to report any faults
! STATUS-    
! STATUS-    
! STATUS-   Creating UG solid body from Input Ent Id 985
! STATUS-    
! STATUS-   simplifying Bsplines to analytics
! STATUS-    
! STATUS-   converting tolerant edges into exact edges
! STATUS-    
! STATUS-   doing final check of body to report any faults
! STATUS-    
! STATUS-    
! STATUS-   Creating UG solid body from Input Ent Id 986
! STATUS-    
! STATUS-   simplifying Bsplines to analytics
! STATUS-    
! STATUS-   converting tolerant edges into exact edges
! STATUS-    
! STATUS-   doing final check of body to report any faults
! STATUS-    
! INFO-     Filing Part ..: D:\Private\RGB_Plate\U.FL Connector v1
! SUMMARY-   
! SUMMARY-  Summary of Unigraphics Part Entities
! SUMMARY-   
! SUMMARY-  Entities Processed             Count
! SUMMARY-  ------------------             -----
! SUMMARY-  Solid .......................:     3
! SUMMARY-                                 -----
! SUMMARY-  Total                              3
! STATUS-   Creating the UG part (Phase 3 of 3): 3-APR-2023  7:00:34 PM
! STATUS-    
! STATUS-   Creating UG solid body from Input Ent Id 983
! STATUS-    
! STATUS-   simplifying Bsplines to analytics
! STATUS-    
! STATUS-   converting tolerant edges into exact edges
! STATUS-    
! STATUS-   doing final check of body to report any faults
! STATUS-    
! INFO-     Filing Part ..: D:\Private\RGB_Plate\BOSS-EXTRUDE7_5_
! SUMMARY-   
! SUMMARY-  Summary of Unigraphics Part Entities
! SUMMARY-   
! SUMMARY-  Entities Processed             Count
! SUMMARY-  ------------------             -----
! SUMMARY-  Solid .......................:     1
! SUMMARY-                                 -----
! SUMMARY-  Total                              1
! STATUS-   Creating the UG part (Phase 3 of 3): 3-APR-2023  7:00:34 PM
! STATUS-    
! STATUS-   Creating UG solid body from Input Ent Id 982
! STATUS-    
! STATUS-   fixing vertex and/or edge off surface faults
! STATUS-    
! STATUS-   simplifying Bsplines to analytics
! STATUS-    
! STATUS-   converting tolerant edges into exact edges
! STATUS-    
! STATUS-   doing final check of body to report any faults
! STATUS-    
! INFO-     Filing Part ..: D:\Private\RGB_Plate\CUT-EXTRUDE5
! SUMMARY-   
! SUMMARY-  Summary of Unigraphics Part Entities
! SUMMARY-   
! SUMMARY-  Entities Processed             Count
! SUMMARY-  ------------------             -----
! SUMMARY-  Solid .......................:     1
! SUMMARY-                                 -----
! SUMMARY-  Total                              1
! STATUS-   Creating the UG part (Phase 3 of 3): 3-APR-2023  7:00:34 PM
! STATUS-    
! STATUS-   Creating UG solid body from Input Ent Id 981
! STATUS-    
! STATUS-   simplifying Bsplines to analytics
! STATUS-    
! STATUS-   converting tolerant edges into exact edges
! STATUS-    
! STATUS-   doing final check of body to report any faults
! STATUS-    
! INFO-     Filing Part ..: D:\Private\RGB_Plate\BOSS-EXTRUDE7_2_
! SUMMARY-   
! SUMMARY-  Summary of Unigraphics Part Entities
! SUMMARY-   
! SUMMARY-  Entities Processed             Count
! SUMMARY-  ------------------             -----
! SUMMARY-  Solid .......................:     1
! SUMMARY-                                 -----
! SUMMARY-  Total                              1
! STATUS-   Creating the UG part (Phase 3 of 3): 3-APR-2023  7:00:34 PM
! STATUS-    
! STATUS-   Creating UG solid body from Input Ent Id 980
! STATUS-    
! STATUS-   simplifying Bsplines to analytics
! STATUS-    
! STATUS-   converting tolerant edges into exact edges
! STATUS-    
! STATUS-   doing final check of body to report any faults
! STATUS-    
! INFO-     Filing Part ..: D:\Private\RGB_Plate\BOSS-EXTRUDE7_6_
! SUMMARY-   
! SUMMARY-  Summary of Unigraphics Part Entities
! SUMMARY-   
! SUMMARY-  Entities Processed             Count
! SUMMARY-  ------------------             -----
! SUMMARY-  Solid .......................:     1
! SUMMARY-                                 -----
! SUMMARY-  Total                              1
! STATUS-   Creating the UG part (Phase 3 of 3): 3-APR-2023  7:00:34 PM
! STATUS-    
! STATUS-   Creating UG solid body from Input Ent Id 979
! STATUS-    
! STATUS-   simplifying Bsplines to analytics
! STATUS-    
! STATUS-   converting tolerant edges into exact edges
! STATUS-    
! STATUS-   doing final check of body to report any faults
! STATUS-    
! INFO-     Filing Part ..: D:\Private\RGB_Plate\BOSS-EXTRUDE14_1_
! SUMMARY-   
! SUMMARY-  Summary of Unigraphics Part Entities
! SUMMARY-   
! SUMMARY-  Entities Processed             Count
! SUMMARY-  ------------------             -----
! SUMMARY-  Solid .......................:     1
! SUMMARY-                                 -----
! SUMMARY-  Total                              1
! STATUS-   Creating the UG part (Phase 3 of 3): 3-APR-2023  7:00:34 PM
! STATUS-    
! STATUS-   Creating UG solid body from Input Ent Id 978
! STATUS-    
! STATUS-   simplifying Bsplines to analytics
! STATUS-    
! STATUS-   converting tolerant edges into exact edges
! STATUS-    
! STATUS-   doing final check of body to report any faults
! STATUS-    
! INFO-     Filing Part ..: D:\Private\RGB_Plate\CHAMFER9
! SUMMARY-   
! SUMMARY-  Summary of Unigraphics Part Entities
! SUMMARY-   
! SUMMARY-  Entities Processed             Count
! SUMMARY-  ------------------             -----
! SUMMARY-  Solid .......................:     1
! SUMMARY-                                 -----
! SUMMARY-  Total                              1
! STATUS-   Creating the UG part (Phase 3 of 3): 3-APR-2023  7:00:34 PM
! STATUS-    
! STATUS-   Creating UG solid body from Input Ent Id 977
! STATUS-    
! STATUS-   simplifying Bsplines to analytics
! STATUS-    
! STATUS-   converting tolerant edges into exact edges
! STATUS-    
! STATUS-   doing final check of body to report any faults
! STATUS-    
! INFO-     Filing Part ..: D:\Private\RGB_Plate\BOSS-EXTRUDE14_6_
! SUMMARY-   
! SUMMARY-  Summary of Unigraphics Part Entities
! SUMMARY-   
! SUMMARY-  Entities Processed             Count
! SUMMARY-  ------------------             -----
! SUMMARY-  Solid .......................:     1
! SUMMARY-                                 -----
! SUMMARY-  Total                              1
! STATUS-   Creating the UG part (Phase 3 of 3): 3-APR-2023  7:00:34 PM
! STATUS-    
! STATUS-   Creating UG solid body from Input Ent Id 976
! STATUS-    
! STATUS-   simplifying Bsplines to analytics
! STATUS-    
! STATUS-   converting tolerant edges into exact edges
! STATUS-    
! STATUS-   doing final check of body to report any faults
! STATUS-    
! INFO-     Filing Part ..: D:\Private\RGB_Plate\BOSS-EXTRUDE7_9_
! SUMMARY-   
! SUMMARY-  Summary of Unigraphics Part Entities
! SUMMARY-   
! SUMMARY-  Entities Processed             Count
! SUMMARY-  ------------------             -----
! SUMMARY-  Solid .......................:     1
! SUMMARY-                                 -----
! SUMMARY-  Total                              1
! STATUS-   Creating the UG part (Phase 3 of 3): 3-APR-2023  7:00:34 PM
! STATUS-    
! STATUS-   Creating UG solid body from Input Ent Id 975
! STATUS-    
! STATUS-   simplifying Bsplines to analytics
! STATUS-    
! STATUS-   converting tolerant edges into exact edges
! STATUS-    
! STATUS-   doing final check of body to report any faults
! STATUS-    
! INFO-     Filing Part ..: D:\Private\RGB_Plate\BOSS-EXTRUDE14_10_
! SUMMARY-   
! SUMMARY-  Summary of Unigraphics Part Entities
! SUMMARY-   
! SUMMARY-  Entities Processed             Count
! SUMMARY-  ------------------             -----
! SUMMARY-  Solid .......................:     1
! SUMMARY-                                 -----
! SUMMARY-  Total                              1
! STATUS-   Creating the UG part (Phase 3 of 3): 3-APR-2023  7:00:34 PM
! STATUS-    
! STATUS-   Creating UG solid body from Input Ent Id 974
! STATUS-    
! STATUS-   simplifying Bsplines to analytics
! STATUS-    
! STATUS-   converting tolerant edges into exact edges
! STATUS-    
! STATUS-   doing final check of body to report any faults
! STATUS-    
! INFO-     Filing Part ..: D:\Private\RGB_Plate\BOSS-EXTRUDE7_1_
! SUMMARY-   
! SUMMARY-  Summary of Unigraphics Part Entities
! SUMMARY-   
! SUMMARY-  Entities Processed             Count
! SUMMARY-  ------------------             -----
! SUMMARY-  Solid .......................:     1
! SUMMARY-                                 -----
! SUMMARY-  Total                              1
! STATUS-   Creating the UG part (Phase 3 of 3): 3-APR-2023  7:00:34 PM
! STATUS-    
! STATUS-   Creating UG solid body from Input Ent Id 973
! STATUS-    
! STATUS-   simplifying Bsplines to analytics
! STATUS-    
! STATUS-   converting tolerant edges into exact edges
! STATUS-    
! STATUS-   doing final check of body to report any faults
! STATUS-    
! INFO-     Filing Part ..: D:\Private\RGB_Plate\BOSS-EXTRUDE7_8_
! SUMMARY-   
! SUMMARY-  Summary of Unigraphics Part Entities
! SUMMARY-   
! SUMMARY-  Entities Processed             Count
! SUMMARY-  ------------------             -----
! SUMMARY-  Solid .......................:     1
! SUMMARY-                                 -----
! SUMMARY-  Total                              1
! STATUS-   Creating the UG part (Phase 3 of 3): 3-APR-2023  7:00:35 PM
! STATUS-    
! STATUS-   Creating UG solid body from Input Ent Id 972
! STATUS-    
! STATUS-   simplifying Bsplines to analytics
! STATUS-    
! STATUS-   converting tolerant edges into exact edges
! STATUS-    
! STATUS-   doing final check of body to report any faults
! STATUS-    
! INFO-     Filing Part ..: D:\Private\RGB_Plate\BOSS-EXTRUDE14_12_
! SUMMARY-   
! SUMMARY-  Summary of Unigraphics Part Entities
! SUMMARY-   
! SUMMARY-  Entities Processed             Count
! SUMMARY-  ------------------             -----
! SUMMARY-  Solid .......................:     1
! SUMMARY-                                 -----
! SUMMARY-  Total                              1
! STATUS-   Creating the UG part (Phase 3 of 3): 3-APR-2023  7:00:35 PM
! STATUS-    
! STATUS-   Creating UG solid body from Input Ent Id 971
! STATUS-    
! STATUS-   simplifying Bsplines to analytics
! STATUS-    
! STATUS-   converting tolerant edges into exact edges
! STATUS-    
! STATUS-   doing final check of body to report any faults
! STATUS-    
! INFO-     Filing Part ..: D:\Private\RGB_Plate\BOSS-EXTRUDE14_5_
! SUMMARY-   
! SUMMARY-  Summary of Unigraphics Part Entities
! SUMMARY-   
! SUMMARY-  Entities Processed             Count
! SUMMARY-  ------------------             -----
! SUMMARY-  Solid .......................:     1
! SUMMARY-                                 -----
! SUMMARY-  Total                              1
! STATUS-   Creating the UG part (Phase 3 of 3): 3-APR-2023  7:00:35 PM
! STATUS-    
! STATUS-   Creating UG solid body from Input Ent Id 970
! STATUS-    
! STATUS-   simplifying Bsplines to analytics
! STATUS-    
! STATUS-   converting tolerant edges into exact edges
! STATUS-    
! STATUS-   doing final check of body to report any faults
! STATUS-    
! INFO-     Filing Part ..: D:\Private\RGB_Plate\MIRROR2
! SUMMARY-   
! SUMMARY-  Summary of Unigraphics Part Entities
! SUMMARY-   
! SUMMARY-  Entities Processed             Count
! SUMMARY-  ------------------             -----
! SUMMARY-  Solid .......................:     1
! SUMMARY-                                 -----
! SUMMARY-  Total                              1
! STATUS-   Creating the UG part (Phase 3 of 3): 3-APR-2023  7:00:35 PM
! STATUS-    
! STATUS-   Creating UG solid body from Input Ent Id 969
! STATUS-    
! STATUS-   simplifying Bsplines to analytics
! STATUS-    
! STATUS-   converting tolerant edges into exact edges
! STATUS-    
! STATUS-   doing final check of body to report any faults
! STATUS-    
! INFO-     Filing Part ..: D:\Private\RGB_Plate\BOSS-EXTRUDE14_7_
! SUMMARY-   
! SUMMARY-  Summary of Unigraphics Part Entities
! SUMMARY-   
! SUMMARY-  Entities Processed             Count
! SUMMARY-  ------------------             -----
! SUMMARY-  Solid .......................:     1
! SUMMARY-                                 -----
! SUMMARY-  Total                              1
! STATUS-   Creating the UG part (Phase 3 of 3): 3-APR-2023  7:00:35 PM
! STATUS-    
! STATUS-   Creating UG solid body from Input Ent Id 968
! STATUS-    
! STATUS-   simplifying Bsplines to analytics
! STATUS-    
! STATUS-   converting tolerant edges into exact edges
! STATUS-    
! STATUS-   doing final check of body to report any faults
! STATUS-    
! INFO-     Filing Part ..: D:\Private\RGB_Plate\BOSS-EXTRUDE14_3_
! SUMMARY-   
! SUMMARY-  Summary of Unigraphics Part Entities
! SUMMARY-   
! SUMMARY-  Entities Processed             Count
! SUMMARY-  ------------------             -----
! SUMMARY-  Solid .......................:     1
! SUMMARY-                                 -----
! SUMMARY-  Total                              1
! STATUS-   Creating the UG part (Phase 3 of 3): 3-APR-2023  7:00:35 PM
! STATUS-    
! STATUS-   Creating UG solid body from Input Ent Id 967
! STATUS-    
! STATUS-   simplifying Bsplines to analytics
! STATUS-    
! STATUS-   converting tolerant edges into exact edges
! STATUS-    
! STATUS-   doing final check of body to report any faults
! STATUS-    
! INFO-     Filing Part ..: D:\Private\RGB_Plate\BOSS-EXTRUDE14_9_
! SUMMARY-   
! SUMMARY-  Summary of Unigraphics Part Entities
! SUMMARY-   
! SUMMARY-  Entities Processed             Count
! SUMMARY-  ------------------             -----
! SUMMARY-  Solid .......................:     1
! SUMMARY-                                 -----
! SUMMARY-  Total                              1
! STATUS-   Creating the UG part (Phase 3 of 3): 3-APR-2023  7:00:35 PM
! STATUS-    
! STATUS-   Creating UG solid body from Input Ent Id 966
! STATUS-    
! STATUS-   simplifying Bsplines to analytics
! STATUS-    
! STATUS-   converting tolerant edges into exact edges
! STATUS-    
! STATUS-   doing final check of body to report any faults
! STATUS-    
! INFO-     Filing Part ..: D:\Private\RGB_Plate\BOSS-EXTRUDE7_7_
! SUMMARY-   
! SUMMARY-  Summary of Unigraphics Part Entities
! SUMMARY-   
! SUMMARY-  Entities Processed             Count
! SUMMARY-  ------------------             -----
! SUMMARY-  Solid .......................:     1
! SUMMARY-                                 -----
! SUMMARY-  Total                              1
! STATUS-   Creating the UG part (Phase 3 of 3): 3-APR-2023  7:00:35 PM
! STATUS-    
! STATUS-   Creating UG solid body from Input Ent Id 965
! STATUS-    
! STATUS-   simplifying Bsplines to analytics
! STATUS-    
! STATUS-   converting tolerant edges into exact edges
! STATUS-    
! STATUS-   doing final check of body to report any faults
! STATUS-    
! INFO-     Filing Part ..: D:\Private\RGB_Plate\BOSS-EXTRUDE14_11_
! SUMMARY-   
! SUMMARY-  Summary of Unigraphics Part Entities
! SUMMARY-   
! SUMMARY-  Entities Processed             Count
! SUMMARY-  ------------------             -----
! SUMMARY-  Solid .......................:     1
! SUMMARY-                                 -----
! SUMMARY-  Total                              1
! STATUS-   Creating the UG part (Phase 3 of 3): 3-APR-2023  7:00:35 PM
! STATUS-    
! STATUS-   Creating UG solid body from Input Ent Id 964
! STATUS-    
! STATUS-   simplifying Bsplines to analytics
! STATUS-    
! STATUS-   converting tolerant edges into exact edges
! STATUS-    
! STATUS-   doing final check of body to report any faults
! STATUS-    
! INFO-     Filing Part ..: D:\Private\RGB_Plate\BOSS-EXTRUDE14_2_
! SUMMARY-   
! SUMMARY-  Summary of Unigraphics Part Entities
! SUMMARY-   
! SUMMARY-  Entities Processed             Count
! SUMMARY-  ------------------             -----
! SUMMARY-  Solid .......................:     1
! SUMMARY-                                 -----
! SUMMARY-  Total                              1
! STATUS-   Creating the UG part (Phase 3 of 3): 3-APR-2023  7:00:35 PM
! STATUS-    
! STATUS-   Creating UG solid body from Input Ent Id 963
! STATUS-    
! STATUS-   simplifying Bsplines to analytics
! STATUS-    
! STATUS-   converting tolerant edges into exact edges
! STATUS-    
! STATUS-   doing final check of body to report any faults
! STATUS-    
! INFO-     Filing Part ..: D:\Private\RGB_Plate\BOSS-EXTRUDE14_4_
! SUMMARY-   
! SUMMARY-  Summary of Unigraphics Part Entities
! SUMMARY-   
! SUMMARY-  Entities Processed             Count
! SUMMARY-  ------------------             -----
! SUMMARY-  Solid .......................:     1
! SUMMARY-                                 -----
! SUMMARY-  Total                              1
! STATUS-   Creating the UG part (Phase 3 of 3): 3-APR-2023  7:00:35 PM
! STATUS-    
! STATUS-   Creating UG solid body from Input Ent Id 962
! STATUS-    
! STATUS-   simplifying Bsplines to analytics
! STATUS-    
! STATUS-   converting tolerant edges into exact edges
! STATUS-    
! STATUS-   doing final check of body to report any faults
! STATUS-    
! INFO-     Filing Part ..: D:\Private\RGB_Plate\BOSS-EXTRUDE7_3_
! SUMMARY-   
! SUMMARY-  Summary of Unigraphics Part Entities
! SUMMARY-   
! SUMMARY-  Entities Processed             Count
! SUMMARY-  ------------------             -----
! SUMMARY-  Solid .......................:     1
! SUMMARY-                                 -----
! SUMMARY-  Total                              1
! STATUS-   Creating the UG part (Phase 3 of 3): 3-APR-2023  7:00:35 PM
! STATUS-    
! STATUS-   Creating UG solid body from Input Ent Id 961
! STATUS-    
! STATUS-   simplifying Bsplines to analytics
! STATUS-    
! STATUS-   converting tolerant edges into exact edges
! STATUS-    
! STATUS-   doing final check of body to report any faults
! STATUS-    
! INFO-     Filing Part ..: D:\Private\RGB_Plate\BOSS-EXTRUDE7_4_
! SUMMARY-   
! SUMMARY-  Summary of Unigraphics Part Entities
! SUMMARY-   
! SUMMARY-  Entities Processed             Count
! SUMMARY-  ------------------             -----
! SUMMARY-  Solid .......................:     1
! SUMMARY-                                 -----
! SUMMARY-  Total                              1
! STATUS-   Creating the UG part (Phase 3 of 3): 3-APR-2023  7:00:35 PM
! STATUS-    
! STATUS-   Creating UG solid body from Input Ent Id 960
! STATUS-    
! STATUS-   simplifying Bsplines to analytics
! STATUS-    
! STATUS-   converting tolerant edges into exact edges
! STATUS-    
! STATUS-   doing final check of body to report any faults
! STATUS-    
! INFO-     Filing Part ..: D:\Private\RGB_Plate\BOSS-EXTRUDE14_8_
! SUMMARY-   
! SUMMARY-  Summary of Unigraphics Part Entities
! SUMMARY-   
! SUMMARY-  Entities Processed             Count
! SUMMARY-  ------------------             -----
! SUMMARY-  Solid .......................:     1
! SUMMARY-                                 -----
! SUMMARY-  Total                              1
! STATUS-   Creating the UG part (Phase 3 of 3): 3-APR-2023  7:00:35 PM
! INFO-     Filing Part ..: D:\Private\RGB_Plate\USB TYPE C PORT (1)
! SUMMARY-   
! SUMMARY-  Summary of Unigraphics Part Entities
! SUMMARY-   
! SUMMARY-  Entities Processed             Count
! SUMMARY-  ------------------             -----
! SUMMARY-  Component ...................:    24
! SUMMARY-                                 -----
! SUMMARY-  Total                             24
! STATUS-   Creating the UG part (Phase 3 of 3): 3-APR-2023  7:00:36 PM
! INFO-     Filing Part ..: D:\Private\RGB_Plate\USB TYPE C PORT
! SUMMARY-   
! SUMMARY-  Summary of Unigraphics Part Entities
! SUMMARY-   
! SUMMARY-  Entities Processed             Count
! SUMMARY-  ------------------             -----
! SUMMARY-  Component ...................:     1
! SUMMARY-                                 -----
! SUMMARY-  Total                              1
! STATUS-   Creating the UG part (Phase 3 of 3): 3-APR-2023  7:00:36 PM
! STATUS-    
! STATUS-   Creating UG solid body from Input Ent Id 989
! STATUS-    
! ERROR-    CRTOBY Failure - Error code : 15116 - Non-manifold Vertex. : 7602
! ERROR-     
! INFO-     Could not create solid body because of topology creation, geometry
! INFO-     creation, or failure to attach geometry to topology.  Will attempt
! INFO-     to convert as many solid body faces to individual single-faced sheet
! INFO-     bodies as possible.
! INFO-      
! INFO-     Filing Part ..: D:\Private\RGB_Plate\Seeed Studio XIAO-ESP32-C3.prt
! SUMMARY-   
! SUMMARY-  Summary of Unigraphics Part Entities
! SUMMARY-   
! SUMMARY-  Entities Processed             Count
! SUMMARY-  ------------------             -----
! SUMMARY-  Group .......................:     1
! SUMMARY-  Component ...................:     5
! SUMMARY-                                 -----
! SUMMARY-  Total                              6
! INFO-      
! INFO-     Total number of solids input for this translation       :        30
! INFO-      
! INFO-     Number of solids created without body validation faults :        29
! INFO-      
! INFO-     Number of solids created with body validation fault(s)  :         0
! INFO-      
! INFO-     Number of solids ending up as sheet bodies              :         1
! INFO-      
! INFO-     End of Translation: 3-APR-2023  7:00:37 PM
! INFO-      
